<?xml version="1.0" encoding="UTF-8" standalone="no"?><!DOCTYPE report PUBLIC "-//JACOCO//DTD Report 1.1//EN" "report.dtd"><report name="Pester (09/29/2021 11:30:48)"><sessioninfo id="this" start="1632915034909" dump="1632915048890" /><package name="workbooks"><class name="workbooks/Azure" sourcefilename="Azure.psm1"><method name="New-Signature" desc="()" line="4"><counter type="INSTRUCTION" missed="0" covered="10" /><counter type="LINE" missed="0" covered="10" /><counter type="METHOD" missed="0" covered="1" /></method><method name="Send-LogAnalyticsData" desc="()" line="20"><counter type="INSTRUCTION" missed="0" covered="13" /><counter type="LINE" missed="0" covered="13" /><counter type="METHOD" missed="0" covered="1" /></method><method name="&lt;script&gt;" desc="()" line="47"><counter type="INSTRUCTION" missed="0" covered="1" /><counter type="LINE" missed="0" covered="1" /><counter type="METHOD" missed="0" covered="1" /></method><counter type="INSTRUCTION" missed="0" covered="24" /><counter type="LINE" missed="0" covered="24" /><counter type="METHOD" missed="0" covered="3" /><counter type="CLASS" missed="0" covered="1" /></class><class name="workbooks/Workbooks" sourcefilename="Workbooks.psm1"><method name="&lt;script&gt;" desc="()" line="1"><counter type="INSTRUCTION" missed="0" covered="2" /><counter type="LINE" missed="0" covered="2" /><counter type="METHOD" missed="0" covered="1" /></method><method name="Convert-JmeterCSVResultsToJSON" desc="()" line="7"><counter type="INSTRUCTION" missed="0" covered="7" /><counter type="LINE" missed="0" covered="4" /><counter type="METHOD" missed="0" covered="1" /></method><method name="Read-Properties" desc="()" line="19"><counter type="INSTRUCTION" missed="0" covered="3" /><counter type="LINE" missed="0" covered="2" /><counter type="METHOD" missed="0" covered="1" /></method><method name="Send-RawDataToLogAnalytics" desc="()" line="25"><counter type="INSTRUCTION" missed="0" covered="4" /><counter type="LINE" missed="0" covered="4" /><counter type="METHOD" missed="0" covered="1" /></method><method name="Add-ColumnToCSV" desc="()" line="35"><counter type="INSTRUCTION" missed="0" covered="7" /><counter type="LINE" missed="0" covered="4" /><counter type="METHOD" missed="0" covered="1" /></method><method name="Send-DataToLogAnalytics" desc="()" line="43"><counter type="INSTRUCTION" missed="0" covered="7" /><counter type="LINE" missed="0" covered="7" /><counter type="METHOD" missed="0" covered="1" /></method><counter type="INSTRUCTION" missed="0" covered="30" /><counter type="LINE" missed="0" covered="23" /><counter type="METHOD" missed="0" covered="6" /><counter type="CLASS" missed="0" covered="1" /></class><sourcefile name="Azure.psm1"><line nr="4" mi="0" ci="1" mb="0" cb="0" /><line nr="5" mi="0" ci="1" mb="0" cb="0" /><line nr="7" mi="0" ci="1" mb="0" cb="0" /><line nr="8" mi="0" ci="1" mb="0" cb="0" /><line nr="10" mi="0" ci="1" mb="0" cb="0" /><line nr="11" mi="0" ci="1" mb="0" cb="0" /><line nr="12" mi="0" ci="1" mb="0" cb="0" /><line nr="13" mi="0" ci="1" mb="0" cb="0" /><line nr="14" mi="0" ci="1" mb="0" cb="0" /><line nr="15" mi="0" ci="1" mb="0" cb="0" /><line nr="20" mi="0" ci="1" mb="0" cb="0" /><line nr="21" mi="0" ci="1" mb="0" cb="0" /><line nr="22" mi="0" ci="1" mb="0" cb="0" /><line nr="23" mi="0" ci="1" mb="0" cb="0" /><line nr="24" mi="0" ci="1" mb="0" cb="0" /><line nr="25" mi="0" ci="1" mb="0" cb="0" /><line nr="33" mi="0" ci="1" mb="0" cb="0" /><line nr="35" mi="0" ci="1" mb="0" cb="0" /><line nr="36" mi="0" ci="1" mb="0" cb="0" /><line nr="37" mi="0" ci="1" mb="0" cb="0" /><line nr="38" mi="0" ci="1" mb="0" cb="0" /><line nr="42" mi="0" ci="1" mb="0" cb="0" /><line nr="43" mi="0" ci="1" mb="0" cb="0" /><line nr="47" mi="0" ci="1" mb="0" cb="0" /><counter type="INSTRUCTION" missed="0" covered="24" /><counter type="LINE" missed="0" covered="24" /><counter type="METHOD" missed="0" covered="3" /><counter type="CLASS" missed="0" covered="1" /></sourcefile><sourcefile name="Workbooks.psm1"><line nr="1" mi="0" ci="1" mb="0" cb="0" /><line nr="7" mi="0" ci="1" mb="0" cb="0" /><line nr="8" mi="0" ci="4" mb="0" cb="0" /><line nr="12" mi="0" ci="1" mb="0" cb="0" /><line nr="13" mi="0" ci="1" mb="0" cb="0" /><line nr="19" mi="0" ci="2" mb="0" cb="0" /><line nr="20" mi="0" ci="1" mb="0" cb="0" /><line nr="25" mi="0" ci="1" mb="0" cb="0" /><line nr="26" mi="0" ci="1" mb="0" cb="0" /><line nr="28" mi="0" ci="1" mb="0" cb="0" /><line nr="30" mi="0" ci="1" mb="0" cb="0" /><line nr="35" mi="0" ci="1" mb="0" cb="0" /><line nr="36" mi="0" ci="1" mb="0" cb="0" /><line nr="37" mi="0" ci="4" mb="0" cb="0" /><line nr="38" mi="0" ci="1" mb="0" cb="0" /><line nr="43" mi="0" ci="1" mb="0" cb="0" /><line nr="46" mi="0" ci="1" mb="0" cb="0" /><line nr="47" mi="0" ci="1" mb="0" cb="0" /><line nr="55" mi="0" ci="1" mb="0" cb="0" /><line nr="56" mi="0" ci="1" mb="0" cb="0" /><line nr="57" mi="0" ci="1" mb="0" cb="0" /><line nr="59" mi="0" ci="1" mb="0" cb="0" /><line nr="63" mi="0" ci="1" mb="0" cb="0" /><counter type="INSTRUCTION" missed="0" covered="30" /><counter type="LINE" missed="0" covered="23" /><counter type="METHOD" missed="0" covered="6" /><counter type="CLASS" missed="0" covered="1" /></sourcefile><counter type="INSTRUCTION" missed="0" covered="54" /><counter type="LINE" missed="0" covered="47" /><counter type="METHOD" missed="0" covered="9" /><counter type="CLASS" missed="0" covered="2" /></package><counter type="INSTRUCTION" missed="0" covered="54" /><counter type="LINE" missed="0" covered="47" /><counter type="METHOD" missed="0" covered="9" /><counter type="CLASS" missed="0" covered="2" /></report>
